<?xml version="1.0" encoding="UTF-8"?>
<!-- Generated by org.testng.reporters.JUnitReportReporter -->
<testsuite hostname="DESKTOP-5IJHCCQ" failures="0" tests="10" name="Hybrid.logincrm" time="31.998" errors="0" timestamp="2022-05-23T11:09:16 IST" skipped="0">
  <testcase classname="Hybrid.logincrm" name="loginApp" time="4.491"/>
  <system-out/>
  <testcase classname="Hybrid.logincrm" name="signupapp" time="7.309"/>
  <system-out/>
  <testcase classname="Hybrid.logincrm" name="searchupapp" time="3.358"/>
  <system-out/>
  <testcase classname="Hybrid.logincrm" name="Bedapp" time="7.317"/>
  <system-out/>
  <testcase classname="Hybrid.logincrm" name="Bedappcart" time="3.030"/>
  <system-out/>
  <testcase classname="Hybrid.logincrm" name="assertionaa" time="1.809"/>
  <system-out/>
  <testcase classname="Hybrid.logincrm" name="tvappcart" time="1.587"/>
  <system-out/>
  <testcase classname="Hybrid.logincrm" name="studyapp" time="2.130"/>
  <system-out/>
  <testcase classname="Hybrid.logincrm" name="aboutapp" time="0.553"/>
  <system-out/>
  <testcase classname="Hybrid.logincrm" name="infoapp" time="0.414"/>
  <system-out/>
</testsuite> <!-- Hybrid.logincrm -->
